<?xml version="1.0" encoding="UTF-8"?>
<!-- Generated by org.testng.reporters.JUnitReportReporter -->
<testsuite hostname="DESKTOP-H2I7ABI" name="pruebaPages.PruebaLogin" tests="1" failures="0" timestamp="20 Sep 2018 06:15:03 GMT" time="18.436" errors="0">
  <testcase name="prueba" time="18.436" classname="pruebaPages.PruebaLogin"/>
</testsuite> <!-- pruebaPages.PruebaLogin -->
